{"/home/administrateur/Projects/web app template/server/src/app.js": {"path":"/home/administrateur/Projects/web app template/server/src/app.js","statementMap":{"0":{"start":{"line":1,"column":16},"end":{"line":1,"column":34}},"1":{"start":{"line":2,"column":12},"end":{"line":2,"column":21}},"2":{"start":{"line":3,"column":19},"end":{"line":3,"column":47}},"3":{"start":{"line":5,"column":0},"end":{"line":5,"column":24}},"4":{"start":{"line":6,"column":0},"end":{"line":6,"column":20}},"5":{"start":{"line":8,"column":0},"end":{"line":8,"column":21}}},"fnMap":{},"branchMap":{},"s":{"0":1,"1":1,"2":1,"3":1,"4":1,"5":1},"f":{},"b":{},"_coverageSchema":"1a1c01bbd47fc00a2c39e90264f33305004495a9","hash":"f8423f45e40eab0414397e73ac84bd31334f380e"}
,"/home/administrateur/Projects/web app template/server/src/config/database.js": {"path":"/home/administrateur/Projects/web app template/server/src/config/database.js","statementMap":{"0":{"start":{"line":1,"column":18},"end":{"line":1,"column":38}},"1":{"start":{"line":2,"column":15},"end":{"line":2,"column":32}},"2":{"start":{"line":4,"column":17},"end":{"line":4,"column":39}},"3":{"start":{"line":6,"column":18},"end":{"line":15,"column":1}},"4":{"start":{"line":17,"column":0},"end":{"line":17,"column":27}}},"fnMap":{},"branchMap":{},"s":{"0":1,"1":1,"2":1,"3":1,"4":1},"f":{},"b":{},"_coverageSchema":"1a1c01bbd47fc00a2c39e90264f33305004495a9","hash":"2c463a9b7d82c9d8aa4df3c07130281fa08197da"}
,"/home/administrateur/Projects/web app template/server/src/user/User.js": {"path":"/home/administrateur/Projects/web app template/server/src/user/User.js","statementMap":{"0":{"start":{"line":1,"column":18},"end":{"line":1,"column":38}},"1":{"start":{"line":2,"column":18},"end":{"line":2,"column":47}},"2":{"start":{"line":4,"column":14},"end":{"line":4,"column":29}},"3":{"start":{"line":8,"column":0},"end":{"line":21,"column":2}},"4":{"start":{"line":23,"column":0},"end":{"line":23,"column":22}}},"fnMap":{},"branchMap":{},"s":{"0":1,"1":1,"2":1,"3":1,"4":1},"f":{},"b":{},"_coverageSchema":"1a1c01bbd47fc00a2c39e90264f33305004495a9","hash":"ccec438430a018de5da3419b391d8800d2e769ba"}
,"/home/administrateur/Projects/web app template/server/src/user/UserRouter.js": {"path":"/home/administrateur/Projects/web app template/server/src/user/UserRouter.js","statementMap":{"0":{"start":{"line":1,"column":16},"end":{"line":1,"column":34}},"1":{"start":{"line":2,"column":15},"end":{"line":2,"column":31}},"2":{"start":{"line":3,"column":20},"end":{"line":3,"column":44}},"3":{"start":{"line":4,"column":36},"end":{"line":4,"column":64}},"4":{"start":{"line":6,"column":0},"end":{"line":22,"column":2}},"5":{"start":{"line":10,"column":19},"end":{"line":10,"column":40}},"6":{"start":{"line":11,"column":4},"end":{"line":18,"column":5}},"7":{"start":{"line":12,"column":31},"end":{"line":12,"column":33}},"8":{"start":{"line":13,"column":6},"end":{"line":15,"column":9}},"9":{"start":{"line":14,"column":8},"end":{"line":14,"column":50}},"10":{"start":{"line":17,"column":6},"end":{"line":17,"column":56}},"11":{"start":{"line":19,"column":4},"end":{"line":19,"column":37}},"12":{"start":{"line":20,"column":4},"end":{"line":20,"column":49}},"13":{"start":{"line":24,"column":0},"end":{"line":24,"column":24}}},"fnMap":{"0":{"name":"(anonymous_0)","decl":{"start":{"line":9,"column":2},"end":{"line":9,"column":3}},"loc":{"start":{"line":9,"column":22},"end":{"line":21,"column":3}},"line":9},"1":{"name":"(anonymous_1)","decl":{"start":{"line":13,"column":29},"end":{"line":13,"column":30}},"loc":{"start":{"line":13,"column":40},"end":{"line":15,"column":7}},"line":13}},"branchMap":{"0":{"loc":{"start":{"line":11,"column":4},"end":{"line":18,"column":5}},"type":"if","locations":[{"start":{"line":11,"column":4},"end":{"line":18,"column":5}},{"start":{},"end":{}}],"line":11}},"s":{"0":1,"1":1,"2":1,"3":1,"4":1,"5":8,"6":8,"7":3,"8":3,"9":3,"10":3,"11":5,"12":5,"13":1},"f":{"0":8,"1":3},"b":{"0":[3,5]},"_coverageSchema":"1a1c01bbd47fc00a2c39e90264f33305004495a9","hash":"83df4b6e8cd2b9feb46a4eea828ca0769c18cad6"}
,"/home/administrateur/Projects/web app template/server/src/user/UserService.js": {"path":"/home/administrateur/Projects/web app template/server/src/user/UserService.js","statementMap":{"0":{"start":{"line":1,"column":13},"end":{"line":1,"column":30}},"1":{"start":{"line":2,"column":15},"end":{"line":2,"column":32}},"2":{"start":{"line":4,"column":13},"end":{"line":8,"column":1}},"3":{"start":{"line":5,"column":15},"end":{"line":5,"column":55}},"4":{"start":{"line":6,"column":15},"end":{"line":6,"column":42}},"5":{"start":{"line":7,"column":2},"end":{"line":7,"column":26}},"6":{"start":{"line":10,"column":0},"end":{"line":10,"column":26}}},"fnMap":{"0":{"name":"(anonymous_0)","decl":{"start":{"line":4,"column":13},"end":{"line":4,"column":14}},"loc":{"start":{"line":4,"column":29},"end":{"line":8,"column":1}},"line":4}},"branchMap":{},"s":{"0":1,"1":1,"2":1,"3":5,"4":5,"5":5,"6":1},"f":{"0":5},"b":{},"_coverageSchema":"1a1c01bbd47fc00a2c39e90264f33305004495a9","hash":"7033fa5957ed53048cd97d75583e8324bcd58eed"}
}
