TN:
SF:src/app.js
FNF:0
FNH:0
DA:1,1
DA:2,1
DA:3,1
DA:5,1
DA:6,1
DA:8,1
LF:6
LH:6
BRF:0
BRH:0
end_of_record
TN:
SF:src/config/database.js
FNF:0
FNH:0
DA:1,1
DA:2,1
DA:4,1
DA:6,1
DA:17,1
LF:5
LH:5
BRF:0
BRH:0
end_of_record
TN:
SF:src/user/User.js
FNF:0
FNH:0
DA:1,1
DA:2,1
DA:4,1
DA:8,1
DA:23,1
LF:5
LH:5
BRF:0
BRH:0
end_of_record
TN:
SF:src/user/UserRouter.js
FN:9,(anonymous_0)
FN:13,(anonymous_1)
FNF:2
FNH:2
FNDA:8,(anonymous_0)
FNDA:3,(anonymous_1)
DA:1,1
DA:2,1
DA:3,1
DA:4,1
DA:6,1
DA:10,8
DA:11,8
DA:12,3
DA:13,3
DA:14,3
DA:17,3
DA:19,5
DA:20,5
DA:24,1
LF:14
LH:14
BRDA:11,0,0,3
BRDA:11,0,1,5
BRF:2
BRH:2
end_of_record
TN:
SF:src/user/UserService.js
FN:4,(anonymous_0)
FNF:1
FNH:1
FNDA:5,(anonymous_0)
DA:1,1
DA:2,1
DA:4,1
DA:5,5
DA:6,5
DA:7,5
DA:10,1
LF:7
LH:7
BRF:0
BRH:0
end_of_record
